2009-08-25 16:15:23 Debug: Notice (1024): Please change the value of 'Security.salt' in app/config/core.php to a salt value specific to your application in [CORE\cake\libs\debugger.php, line 557]
2009-08-25 16:19:18 Debug: Notice (8): Undefined variable: javascript in [APP\views\layouts\default.ctp, line 38]
2009-08-25 16:22:01 Debug: Notice (8): Undefined variable: javascript in [APP\views\layouts\default.ctp, line 38]
2009-08-25 18:02:48 Debug: Notice (8): Undefined variable: var_test in [APP\views\layouts\default.ctp, line 148]
2009-08-25 18:03:22 Debug: Notice (8): Undefined variable: var_test in [APP\views\layouts\default.ctp, line 148]
2009-08-25 18:03:24 Debug: Notice (8): Undefined variable: var_test in [APP\views\layouts\default.ctp, line 148]
2009-08-25 18:08:10 Debug: Notice (8): Undefined variable: var_test in [APP\views\layouts\default.ctp, line 148]
2009-08-25 18:08:13 Debug: Notice (8): Undefined variable: var_test in [APP\views\layouts\default.ctp, line 148]
2009-08-25 18:08:28 Debug: Notice (8): Undefined variable: var_test in [APP\views\layouts\default.ctp, line 147]
2009-08-25 18:09:48 Debug: Notice (8): Undefined variable: var_test in [APP\views\layouts\default.ctp, line 147]
2009-08-25 18:10:59 Debug: Notice (8): Undefined variable: var_test in [APP\views\layouts\default.ctp, line 147]
2009-08-25 18:14:55 Debug: Notice (8): Undefined variable: var_test in [APP\views\layouts\default.ctp, line 147]
2009-08-25 18:21:56 Debug: Notice (8): Undefined property:  View::$Session in [APP\views\layouts\default.ctp, line 148]
2009-08-25 18:22:13 Debug: Notice (8): Undefined variable: Session in [APP\views\layouts\default.ctp, line 148]
2009-08-25 18:28:40 Debug: Notice (8): Undefined variable: var_test in [APP\views\layouts\default.ctp, line 150]
2009-08-25 18:34:36 Debug: Notice (8): Undefined variable: var_test in [APP\controllers\tests_controller.php, line 8]
2009-08-25 18:44:56 Debug: Notice (8): Undefined variable: param_test in [APP\controllers\tests_controller.php, line 9]
2009-08-26 11:52:34 Debug: Notice (8): Undefined variable: javascript in [APP\views\layouts\default.ctp, line 37]
2009-08-26 11:53:06 Debug: Notice (8): Undefined variable: javascript in [APP\views\layouts\default.ctp, line 37]
2009-08-26 11:53:08 Debug: Notice (8): Undefined variable: javascript in [APP\views\layouts\default.ctp, line 37]
2009-08-26 11:53:37 Debug: Notice (8): Undefined variable: javascript in [APP\views\layouts\default.ctp, line 37]
2009-08-26 11:55:23 Debug: Notice (8): Undefined variable: javascript in [APP\views\layouts\default.ctp, line 37]
2009-09-02 17:52:37 Debug: Notice (8): Undefined variable: vvv in [APP\views\tests\index.ctp, line 2]
2009-09-02 17:52:43 Debug: Notice (8): Undefined variable: vvv in [APP\views\tests\index.ctp, line 2]
2009-09-02 17:53:19 Debug: Notice (8): Undefined variable: vvv in [APP\views\tests\index.ctp, line 2]
2009-09-02 18:14:00 Debug: Notice (8): Undefined variable: b in [APP\controllers\tests_controller.php, line 10]
2009-09-02 18:14:40 Debug: Notice (8): Undefined variable: b in [APP\controllers\tests_controller.php, line 10]
2009-10-09 18:13:09 Debug: Notice (8): Undefined index:  Rss in [APP\views\pages\home.ctp, line 10]
2009-10-09 18:13:10 Debug: Notice (8): Undefined index:  Rss in [APP\views\layouts\pages.ctp, line 82]
2009-10-09 18:13:10 Debug: Notice (8): Undefined index:  Rss in [APP\views\layouts\pages.ctp, line 115]
2009-10-09 18:13:10 Debug: Notice (8): Undefined index:  Rss in [APP\views\layouts\pages.ctp, line 116]
